# JRE version: OpenJDK Runtime Environment (17.0.11) (build 17.0.11+0--11852314)
# Java VM: OpenJDK 64-Bit Server VM (17.0.11+0--11852314, mixed mode, tiered, compressed oops, compressed class ptrs, g1 gc, windows-amd64)
GC Precious Log:
 CPUs: 8 total, 8 available
 Memory: 7991M
 Large Page Support: Disabled
 NUMA Support: Disabled
 Compressed Oops: Enabled (32-bit)
 Heap Region Size: 1M
 Heap Min Capacity: 8M
 Heap Initial Capacity: 126M
 Heap Max Capacity: 2G
 Pre-touch: Disabled
 Parallel Workers: 8
 Concurrent Workers: 2
 Concurrent Refinement Workers: 8
 Periodic GC: Disabled
Heap:
 garbage-first heap   total 406528K, used 184100K [0x0000000080000000, 0x0000000100000000)
  region size 1024K, 8 young (8192K), 5 survivors (5120K)
 Metaspace       used 139932K, committed 141568K, reserved 1179648K
  class space    used 18621K, committed 19392K, reserved 1048576K
GC Heap History (20 events):
Event: 2086.345 GC heap before
{Heap before GC invocations=158 (full 0):
 garbage-first heap   total 406528K, used 357756K [0x0000000080000000, 0x0000000100000000)
  region size 1024K, 238 young (243712K), 4 survivors (4096K)
 Metaspace       used 84891K, committed 85888K, reserved 1179648K
  class space    used 11426K, committed 11904K, reserved 1048576K
}
Event: 2086.347 GC heap after
{Heap after GC invocations=159 (full 0):
 garbage-first heap   total 406528K, used 115574K [0x0000000080000000, 0x0000000100000000)
  region size 1024K, 3 young (3072K), 3 survivors (3072K)
 Metaspace       used 84891K, committed 85888K, reserved 1179648K
  class space    used 11426K, committed 11904K, reserved 1048576K
}
Event: 2087.002 GC heap before
{Heap before GC invocations=159 (full 0):
 garbage-first heap   total 406528K, used 356214K [0x0000000080000000, 0x0000000100000000)
  region size 1024K, 238 young (243712K), 3 survivors (3072K)
 Metaspace       used 84891K, committed 85888K, reserved 1179648K
  class space    used 11426K, committed 11904K, reserved 1048576K
}
Event: 2087.005 GC heap after
{Heap after GC invocations=160 (full 0):
 garbage-first heap   total 406528K, used 118005K [0x0000000080000000, 0x0000000100000000)
  region size 1024K, 6 young (6144K), 6 survivors (6144K)
 Metaspace       used 84891K, committed 85888K, reserved 1179648K
  class space    used 11426K, committed 11904K, reserved 1048576K
}
Event: 3099.008 GC heap before
{Heap before GC invocations=160 (full 0):
 garbage-first heap   total 406528K, used 365813K [0x0000000080000000, 0x0000000100000000)
  region size 1024K, 238 young (243712K), 6 survivors (6144K)
 Metaspace       used 86917K, committed 88000K, reserved 1179648K
  class space    used 11696K, committed 12224K, reserved 1048576K
}
Event: 3099.128 GC heap after
{Heap after GC invocations=161 (full 0):
 garbage-first heap   total 406528K, used 131783K [0x0000000080000000, 0x0000000100000000)
  region size 1024K, 13 young (13312K), 13 survivors (13312K)
 Metaspace       used 86917K, committed 88000K, reserved 1179648K
  class space    used 11696K, committed 12224K, reserved 1048576K
}
Event: 4806.726 GC heap before
{Heap before GC invocations=161 (full 0):
 garbage-first heap   total 406528K, used 347847K [0x0000000080000000, 0x0000000100000000)
  region size 1024K, 222 young (227328K), 13 survivors (13312K)
 Metaspace       used 90851K, committed 92416K, reserved 1179648K
  class space    used 12326K, committed 13056K, reserved 1048576K
}
Event: 4806.904 GC heap after
{Heap after GC invocations=162 (full 0):
 garbage-first heap   total 406528K, used 140573K [0x0000000080000000, 0x0000000100000000)
  region size 1024K, 21 young (21504K), 21 survivors (21504K)
 Metaspace       used 90851K, committed 92416K, reserved 1179648K
  class space    used 12326K, committed 13056K, reserved 1048576K
}
Event: 4812.370 GC heap before
{Heap before GC invocations=162 (full 0):
 garbage-first heap   total 406528K, used 347421K [0x0000000080000000, 0x0000000100000000)
  region size 1024K, 218 young (223232K), 21 survivors (21504K)
 Metaspace       used 105367K, committed 106944K, reserved 1179648K
  class space    used 14170K, committed 14912K, reserved 1048576K
}
Event: 4812.517 GC heap after
{Heap after GC invocations=163 (full 0):
 garbage-first heap   total 406528K, used 152806K [0x0000000080000000, 0x0000000100000000)
  region size 1024K, 20 young (20480K), 20 survivors (20480K)
 Metaspace       used 105367K, committed 106944K, reserved 1179648K
  class space    used 14170K, committed 14912K, reserved 1048576K
}
Event: 4816.178 GC heap before
{Heap before GC invocations=163 (full 0):
 garbage-first heap   total 406528K, used 310502K [0x0000000080000000, 0x0000000100000000)
  region size 1024K, 170 young (174080K), 20 survivors (20480K)
 Metaspace       used 116629K, committed 118208K, reserved 1179648K
  class space    used 15760K, committed 16512K, reserved 1048576K
}
Event: 4816.290 GC heap after
{Heap after GC invocations=164 (full 0):
 garbage-first heap   total 406528K, used 162241K [0x0000000080000000, 0x0000000100000000)
  region size 1024K, 21 young (21504K), 21 survivors (21504K)
 Metaspace       used 116629K, committed 118208K, reserved 1179648K
  class space    used 15760K, committed 16512K, reserved 1048576K
}
Event: 4822.545 GC heap before
{Heap before GC invocations=165 (full 0):
 garbage-first heap   total 406528K, used 347585K [0x0000000080000000, 0x0000000100000000)
  region size 1024K, 191 young (195584K), 21 survivors (21504K)
 Metaspace       used 132421K, committed 133888K, reserved 1179648K
  class space    used 17850K, committed 18560K, reserved 1048576K
}
Event: 4822.592 GC heap after
{Heap after GC invocations=166 (full 0):
 garbage-first heap   total 406528K, used 180143K [0x0000000080000000, 0x0000000100000000)
  region size 1024K, 23 young (23552K), 23 survivors (23552K)
 Metaspace       used 132421K, committed 133888K, reserved 1179648K
  class space    used 17850K, committed 18560K, reserved 1048576K
}
Event: 4822.608 GC heap before
{Heap before GC invocations=166 (full 0):
 garbage-first heap   total 406528K, used 181167K [0x0000000080000000, 0x0000000100000000)
  region size 1024K, 24 young (24576K), 23 survivors (23552K)
 Metaspace       used 132432K, committed 133888K, reserved 1179648K
  class space    used 17850K, committed 18560K, reserved 1048576K
}
Event: 4822.644 GC heap after
{Heap after GC invocations=167 (full 0):
 garbage-first heap   total 406528K, used 171883K [0x0000000080000000, 0x0000000100000000)
  region size 1024K, 3 young (3072K), 3 survivors (3072K)
 Metaspace       used 132432K, committed 133888K, reserved 1179648K
  class space    used 17850K, committed 18560K, reserved 1048576K
}
Event: 5910.132 GC heap before
{Heap before GC invocations=167 (full 0):
 garbage-first heap   total 406528K, used 336747K [0x0000000080000000, 0x0000000100000000)
  region size 1024K, 165 young (168960K), 3 survivors (3072K)
 Metaspace       used 139176K, committed 140800K, reserved 1179648K
  class space    used 18519K, committed 19328K, reserved 1048576K
}
Event: 5910.542 GC heap after
{Heap after GC invocations=168 (full 0):
 garbage-first heap   total 406528K, used 177194K [0x0000000080000000, 0x0000000100000000)
  region size 1024K, 9 young (9216K), 9 survivors (9216K)
 Metaspace       used 139176K, committed 140800K, reserved 1179648K
  class space    used 18519K, committed 19328K, reserved 1048576K
}
Event: 5917.319 GC heap before
{Heap before GC invocations=168 (full 0):
 garbage-first heap   total 406528K, used 204842K [0x0000000080000000, 0x0000000100000000)
  region size 1024K, 37 young (37888K), 9 survivors (9216K)
 Metaspace       used 139841K, committed 141504K, reserved 1179648K
  class space    used 18612K, committed 19392K, reserved 1048576K
}
Event: 5917.371 GC heap after
{Heap after GC invocations=169 (full 0):
 garbage-first heap   total 406528K, used 182052K [0x0000000080000000, 0x0000000100000000)
  region size 1024K, 5 young (5120K), 5 survivors (5120K)
 Metaspace       used 139841K, committed 141504K, reserved 1179648K
  class space    used 18612K, committed 19392K, reserved 1048576K
}

