# JRE version: OpenJDK Runtime Environment (17.0.11) (build 17.0.11+0--11852314)
# Java VM: OpenJDK 64-Bit Server VM (17.0.11+0--11852314, mixed mode, tiered, compressed oops, compressed class ptrs, g1 gc, windows-amd64)
GC Precious Log:
 CPUs: 8 total, 8 available
 Memory: 7991M
 Large Page Support: Disabled
 NUMA Support: Disabled
 Compressed Oops: Enabled (32-bit)
 Heap Region Size: 1M
 Heap Min Capacity: 8M
 Heap Initial Capacity: 126M
 Heap Max Capacity: 2G
 Pre-touch: Disabled
 Parallel Workers: 8
 Concurrent Workers: 2
 Concurrent Refinement Workers: 8
 Periodic GC: Disabled
Heap:
 garbage-first heap   total 245760K, used 204114K [0x0000000080000000, 0x0000000100000000)
  region size 1024K, 51 young (52224K), 5 survivors (5120K)
 Metaspace       used 114564K, committed 115456K, reserved 1179648K
  class space    used 15118K, committed 15552K, reserved 1048576K
GC Heap History (20 events):
Event: 44.634 GC heap before
{Heap before GC invocations=53 (full 0):
 garbage-first heap   total 245760K, used 188298K [0x0000000080000000, 0x0000000100000000)
  region size 1024K, 52 young (53248K), 7 survivors (7168K)
 Metaspace       used 103028K, committed 103808K, reserved 1179648K
  class space    used 13708K, committed 14080K, reserved 1048576K
}
Event: 44.647 GC heap after
{Heap after GC invocations=54 (full 0):
 garbage-first heap   total 245760K, used 140614K [0x0000000080000000, 0x0000000100000000)
  region size 1024K, 2 young (2048K), 2 survivors (2048K)
 Metaspace       used 103028K, committed 103808K, reserved 1179648K
  class space    used 13708K, committed 14080K, reserved 1048576K
}
Event: 46.041 GC heap before
{Heap before GC invocations=54 (full 0):
 garbage-first heap   total 245760K, used 192838K [0x0000000080000000, 0x0000000100000000)
  region size 1024K, 52 young (53248K), 2 survivors (2048K)
 Metaspace       used 104366K, committed 105152K, reserved 1179648K
  class space    used 13844K, committed 14208K, reserved 1048576K
}
Event: 46.043 GC heap after
{Heap after GC invocations=55 (full 0):
 garbage-first heap   total 245760K, used 140416K [0x0000000080000000, 0x0000000100000000)
  region size 1024K, 2 young (2048K), 2 survivors (2048K)
 Metaspace       used 104366K, committed 105152K, reserved 1179648K
  class space    used 13844K, committed 14208K, reserved 1048576K
}
Event: 47.294 GC heap before
{Heap before GC invocations=55 (full 0):
 garbage-first heap   total 245760K, used 194688K [0x0000000080000000, 0x0000000100000000)
  region size 1024K, 56 young (57344K), 2 survivors (2048K)
 Metaspace       used 108672K, committed 109440K, reserved 1179648K
  class space    used 14424K, committed 14784K, reserved 1048576K
}
Event: 47.297 GC heap after
{Heap after GC invocations=56 (full 0):
 garbage-first heap   total 245760K, used 142113K [0x0000000080000000, 0x0000000100000000)
  region size 1024K, 4 young (4096K), 4 survivors (4096K)
 Metaspace       used 108672K, committed 109440K, reserved 1179648K
  class space    used 14424K, committed 14784K, reserved 1048576K
}
Event: 48.416 GC heap before
{Heap before GC invocations=56 (full 0):
 garbage-first heap   total 245760K, used 197409K [0x0000000080000000, 0x0000000100000000)
  region size 1024K, 59 young (60416K), 4 survivors (4096K)
 Metaspace       used 110094K, committed 110912K, reserved 1179648K
  class space    used 14592K, committed 14976K, reserved 1048576K
}
Event: 48.424 GC heap after
{Heap after GC invocations=57 (full 0):
 garbage-first heap   total 245760K, used 146319K [0x0000000080000000, 0x0000000100000000)
  region size 1024K, 8 young (8192K), 8 survivors (8192K)
 Metaspace       used 110094K, committed 110912K, reserved 1179648K
  class space    used 14592K, committed 14976K, reserved 1048576K
}
Event: 48.604 GC heap before
{Heap before GC invocations=57 (full 0):
 garbage-first heap   total 245760K, used 199567K [0x0000000080000000, 0x0000000100000000)
  region size 1024K, 61 young (62464K), 8 survivors (8192K)
 Metaspace       used 110228K, committed 110976K, reserved 1179648K
  class space    used 14607K, committed 14976K, reserved 1048576K
}
Event: 48.610 GC heap after
{Heap after GC invocations=58 (full 0):
 garbage-first heap   total 245760K, used 146989K [0x0000000080000000, 0x0000000100000000)
  region size 1024K, 2 young (2048K), 2 survivors (2048K)
 Metaspace       used 110228K, committed 110976K, reserved 1179648K
  class space    used 14607K, committed 14976K, reserved 1048576K
}
Event: 49.376 GC heap before
{Heap before GC invocations=58 (full 0):
 garbage-first heap   total 245760K, used 202285K [0x0000000080000000, 0x0000000100000000)
  region size 1024K, 57 young (58368K), 2 survivors (2048K)
 Metaspace       used 110920K, committed 111680K, reserved 1179648K
  class space    used 14697K, committed 15040K, reserved 1048576K
}
Event: 49.381 GC heap after
{Heap after GC invocations=59 (full 0):
 garbage-first heap   total 245760K, used 149187K [0x0000000080000000, 0x0000000100000000)
  region size 1024K, 4 young (4096K), 4 survivors (4096K)
 Metaspace       used 110920K, committed 111680K, reserved 1179648K
  class space    used 14697K, committed 15040K, reserved 1048576K
}
Event: 49.863 GC heap before
{Heap before GC invocations=59 (full 0):
 garbage-first heap   total 245760K, used 204483K [0x0000000080000000, 0x0000000100000000)
  region size 1024K, 59 young (60416K), 4 survivors (4096K)
 Metaspace       used 110948K, committed 111680K, reserved 1179648K
  class space    used 14698K, committed 15040K, reserved 1048576K
}
Event: 49.870 GC heap after
{Heap after GC invocations=60 (full 0):
 garbage-first heap   total 245760K, used 153267K [0x0000000080000000, 0x0000000100000000)
  region size 1024K, 8 young (8192K), 8 survivors (8192K)
 Metaspace       used 110948K, committed 111680K, reserved 1179648K
  class space    used 14698K, committed 15040K, reserved 1048576K
}
Event: 50.474 GC heap before
{Heap before GC invocations=60 (full 0):
 garbage-first heap   total 245760K, used 207539K [0x0000000080000000, 0x0000000100000000)
  region size 1024K, 60 young (61440K), 8 survivors (8192K)
 Metaspace       used 111468K, committed 112256K, reserved 1179648K
  class space    used 14772K, committed 15104K, reserved 1048576K
}
Event: 50.479 GC heap after
{Heap after GC invocations=61 (full 0):
 garbage-first heap   total 245760K, used 154650K [0x0000000080000000, 0x0000000100000000)
  region size 1024K, 2 young (2048K), 2 survivors (2048K)
 Metaspace       used 111468K, committed 112256K, reserved 1179648K
  class space    used 14772K, committed 15104K, reserved 1048576K
}
Event: 52.867 GC heap before
{Heap before GC invocations=61 (full 0):
 garbage-first heap   total 245760K, used 207898K [0x0000000080000000, 0x0000000100000000)
  region size 1024K, 55 young (56320K), 2 survivors (2048K)
 Metaspace       used 113715K, committed 114496K, reserved 1179648K
  class space    used 15016K, committed 15360K, reserved 1048576K
}
Event: 52.873 GC heap after
{Heap after GC invocations=62 (full 0):
 garbage-first heap   total 245760K, used 157504K [0x0000000080000000, 0x0000000100000000)
  region size 1024K, 5 young (5120K), 5 survivors (5120K)
 Metaspace       used 113715K, committed 114496K, reserved 1179648K
  class space    used 15016K, committed 15360K, reserved 1048576K
}
Event: 57.721 GC heap before
{Heap before GC invocations=62 (full 0):
 garbage-first heap   total 245760K, used 207680K [0x0000000080000000, 0x0000000100000000)
  region size 1024K, 55 young (56320K), 5 survivors (5120K)
 Metaspace       used 113880K, committed 114688K, reserved 1179648K
  class space    used 15032K, committed 15424K, reserved 1048576K
}
Event: 57.726 GC heap after
{Heap after GC invocations=63 (full 0):
 garbage-first heap   total 245760K, used 159058K [0x0000000080000000, 0x0000000100000000)
  region size 1024K, 5 young (5120K), 5 survivors (5120K)
 Metaspace       used 113880K, committed 114688K, reserved 1179648K
  class space    used 15032K, committed 15424K, reserved 1048576K
}

